# JRE version: Java(TM) SE Runtime Environment (8.0_221-b11) (build 1.8.0_221-b11)
# Java VM: Java HotSpot(TM) 64-Bit Server VM (25.221-b11 mixed mode windows-amd64 compressed oops)
Heap:
 PSYoungGen      total 38400K, used 33346K [0x00000000d5900000, 0x00000000d9e80000, 0x0000000100000000)
  eden space 33280K, 98% used [0x00000000d5900000,0x00000000d78e6618,0x00000000d7980000)
  from space 5120K, 13% used [0x00000000d7980000,0x00000000d7a2a3b8,0x00000000d7e80000)
  to   space 10240K, 0% used [0x00000000d9480000,0x00000000d9480000,0x00000000d9e80000)
 ParOldGen       total 59392K, used 6960K [0x0000000080a00000, 0x0000000084400000, 0x00000000d5900000)
  object space 59392K, 11% used [0x0000000080a00000,0x00000000810cc040,0x0000000084400000)
 Metaspace       used 24284K, capacity 24988K, committed 25088K, reserved 1071104K
  class space    used 3092K, capacity 3281K, committed 3328K, reserved 1048576K
GC Heap History (10 events):
Event: 1.466 GC heap before
{Heap before GC invocations=2 (full 0):
 PSYoungGen      total 38400K, used 38397K [0x00000000d5900000, 0x00000000d8380000, 0x0000000100000000)
  eden space 33280K, 100% used [0x00000000d5900000,0x00000000d7980000,0x00000000d7980000)
  from space 5120K, 99% used [0x00000000d7980000,0x00000000d7e7f4c8,0x00000000d7e80000)
  to   space 5120K, 0% used [0x00000000d7e80000,0x00000000d7e80000,0x00000000d8380000)
 ParOldGen       total 87552K, used 464K [0x0000000080a00000, 0x0000000085f80000, 0x00000000d5900000)
  object space 87552K, 0% used [0x0000000080a00000,0x0000000080a74080,0x0000000085f80000)
 Metaspace       used 15001K, capacity 15398K, committed 15744K, reserved 1062912K
  class space    used 1964K, capacity 2084K, committed 2176K, reserved 1048576K
Event: 1.477 GC heap after
Heap after GC invocations=2 (full 0):
 PSYoungGen      total 38400K, used 5094K [0x00000000d5900000, 0x00000000d8380000, 0x0000000100000000)
  eden space 33280K, 0% used [0x00000000d5900000,0x00000000d5900000,0x00000000d7980000)
  from space 5120K, 99% used [0x00000000d7e80000,0x00000000d8379ad8,0x00000000d8380000)
  to   space 5120K, 0% used [0x00000000d7980000,0x00000000d7980000,0x00000000d7e80000)
 ParOldGen       total 87552K, used 2287K [0x0000000080a00000, 0x0000000085f80000, 0x00000000d5900000)
  object space 87552K, 2% used [0x0000000080a00000,0x0000000080c3bff8,0x0000000085f80000)
 Metaspace       used 15001K, capacity 15398K, committed 15744K, reserved 1062912K
  class space    used 1964K, capacity 2084K, committed 2176K, reserved 1048576K
}
Event: 1.742 GC heap before
{Heap before GC invocations=3 (full 0):
 PSYoungGen      total 38400K, used 38374K [0x00000000d5900000, 0x00000000d8380000, 0x0000000100000000)
  eden space 33280K, 100% used [0x00000000d5900000,0x00000000d7980000,0x00000000d7980000)
  from space 5120K, 99% used [0x00000000d7e80000,0x00000000d8379ad8,0x00000000d8380000)
  to   space 5120K, 0% used [0x00000000d7980000,0x00000000d7980000,0x00000000d7e80000)
 ParOldGen       total 87552K, used 2287K [0x0000000080a00000, 0x0000000085f80000, 0x00000000d5900000)
  object space 87552K, 2% used [0x0000000080a00000,0x0000000080c3bff8,0x0000000085f80000)
 Metaspace       used 19060K, capacity 19594K, committed 19712K, reserved 1067008K
  class space    used 2411K, capacity 2560K, committed 2560K, reserved 1048576K
Event: 1.750 GC heap after
Heap after GC invocations=3 (full 0):
 PSYoungGen      total 38400K, used 5109K [0x00000000d5900000, 0x00000000d8380000, 0x0000000100000000)
  eden space 33280K, 0% used [0x00000000d5900000,0x00000000d5900000,0x00000000d7980000)
  from space 5120K, 99% used [0x00000000d7980000,0x00000000d7e7d4a8,0x00000000d7e80000)
  to   space 5120K, 0% used [0x00000000d7e80000,0x00000000d7e80000,0x00000000d8380000)
 ParOldGen       total 87552K, used 5363K [0x0000000080a00000, 0x0000000085f80000, 0x00000000d5900000)
  object space 87552K, 6% used [0x0000000080a00000,0x0000000080f3cd68,0x0000000085f80000)
 Metaspace       used 19060K, capacity 19594K, committed 19712K, reserved 1067008K
  class space    used 2411K, capacity 2560K, committed 2560K, reserved 1048576K
}
Event: 1.919 GC heap before
{Heap before GC invocations=4 (full 0):
 PSYoungGen      total 38400K, used 25327K [0x00000000d5900000, 0x00000000d8380000, 0x0000000100000000)
  eden space 33280K, 60% used [0x00000000d5900000,0x00000000d6cbe8e0,0x00000000d7980000)
  from space 5120K, 99% used [0x00000000d7980000,0x00000000d7e7d4a8,0x00000000d7e80000)
  to   space 5120K, 0% used [0x00000000d7e80000,0x00000000d7e80000,0x00000000d8380000)
 ParOldGen       total 87552K, used 5363K [0x0000000080a00000, 0x0000000085f80000, 0x00000000d5900000)
  object space 87552K, 6% used [0x0000000080a00000,0x0000000080f3cd68,0x0000000085f80000)
 Metaspace       used 20666K, capacity 21232K, committed 21248K, reserved 1067008K
  class space    used 2643K, capacity 2801K, committed 2816K, reserved 1048576K
Event: 1.927 GC heap after
Heap after GC invocations=4 (full 0):
 PSYoungGen      total 38400K, used 5104K [0x00000000d5900000, 0x00000000d8380000, 0x0000000100000000)
  eden space 33280K, 0% used [0x00000000d5900000,0x00000000d5900000,0x00000000d7980000)
  from space 5120K, 99% used [0x00000000d7e80000,0x00000000d837c010,0x00000000d8380000)
  to   space 5120K, 0% used [0x00000000d7980000,0x00000000d7980000,0x00000000d7e80000)
 ParOldGen       total 87552K, used 7333K [0x0000000080a00000, 0x0000000085f80000, 0x00000000d5900000)
  object space 87552K, 8% used [0x0000000080a00000,0x0000000081129760,0x0000000085f80000)
 Metaspace       used 20666K, capacity 21232K, committed 21248K, reserved 1067008K
  class space    used 2643K, capacity 2801K, committed 2816K, reserved 1048576K
}
Event: 1.927 GC heap before
{Heap before GC invocations=5 (full 1):
 PSYoungGen      total 38400K, used 5104K [0x00000000d5900000, 0x00000000d8380000, 0x0000000100000000)
  eden space 33280K, 0% used [0x00000000d5900000,0x00000000d5900000,0x00000000d7980000)
  from space 5120K, 99% used [0x00000000d7e80000,0x00000000d837c010,0x00000000d8380000)
  to   space 5120K, 0% used [0x00000000d7980000,0x00000000d7980000,0x00000000d7e80000)
 ParOldGen       total 87552K, used 7333K [0x0000000080a00000, 0x0000000085f80000, 0x00000000d5900000)
  object space 87552K, 8% used [0x0000000080a00000,0x0000000081129760,0x0000000085f80000)
 Metaspace       used 20666K, capacity 21232K, committed 21248K, reserved 1067008K
  class space    used 2643K, capacity 2801K, committed 2816K, reserved 1048576K
Event: 1.971 GC heap after
Heap after GC invocations=5 (full 1):
 PSYoungGen      total 38400K, used 0K [0x00000000d5900000, 0x00000000d8380000, 0x0000000100000000)
  eden space 33280K, 0% used [0x00000000d5900000,0x00000000d5900000,0x00000000d7980000)
  from space 5120K, 0% used [0x00000000d7e80000,0x00000000d7e80000,0x00000000d8380000)
  to   space 5120K, 0% used [0x00000000d7980000,0x00000000d7980000,0x00000000d7e80000)
 ParOldGen       total 59392K, used 6952K [0x0000000080a00000, 0x0000000084400000, 0x00000000d5900000)
  object space 59392K, 11% used [0x0000000080a00000,0x00000000810ca040,0x0000000084400000)
 Metaspace       used 20663K, capacity 21224K, committed 21248K, reserved 1067008K
  class space    used 2642K, capacity 2799K, committed 2816K, reserved 1048576K
}
Event: 2.028 GC heap before
{Heap before GC invocations=6 (full 1):
 PSYoungGen      total 38400K, used 33244K [0x00000000d5900000, 0x00000000d8380000, 0x0000000100000000)
  eden space 33280K, 99% used [0x00000000d5900000,0x00000000d7977178,0x00000000d7980000)
  from space 5120K, 0% used [0x00000000d7e80000,0x00000000d7e80000,0x00000000d8380000)
  to   space 5120K, 0% used [0x00000000d7980000,0x00000000d7980000,0x00000000d7e80000)
 ParOldGen       total 59392K, used 6952K [0x0000000080a00000, 0x0000000084400000, 0x00000000d5900000)
  object space 59392K, 11% used [0x0000000080a00000,0x00000000810ca040,0x0000000084400000)
 Metaspace       used 21444K, capacity 22042K, committed 22144K, reserved 1069056K
  class space    used 2727K, capacity 2898K, committed 2944K, reserved 1048576K
Event: 2.029 GC heap after
Heap after GC invocations=6 (full 1):
 PSYoungGen      total 38400K, used 680K [0x00000000d5900000, 0x00000000d9e80000, 0x0000000100000000)
  eden space 33280K, 0% used [0x00000000d5900000,0x00000000d5900000,0x00000000d7980000)
  from space 5120K, 13% used [0x00000000d7980000,0x00000000d7a2a3b8,0x00000000d7e80000)
  to   space 10240K, 0% used [0x00000000d9480000,0x00000000d9480000,0x00000000d9e80000)
 ParOldGen       total 59392K, used 6960K [0x0000000080a00000, 0x0000000084400000, 0x00000000d5900000)
  object space 59392K, 11% used [0x0000000080a00000,0x00000000810cc040,0x0000000084400000)
 Metaspace       used 21444K, capacity 22042K, committed 22144K, reserved 1069056K
  class space    used 2727K, capacity 2898K, committed 2944K, reserved 1048576K
}

